<?xml version="1.0" encoding="UTF-8"?>
<!-- Generated by org.testng.reporters.JUnitXMLReporter -->
<testsuite ignored="6" hostname="Pro-GokulT" failures="1" tests="3" name="WELL-Tests" time="73.627" errors="0" timestamp="12 Sep 2022 12:09:32 GMT">
  <testcase classname="com.Well.testcases.login.TC_01_LoginTest" name="TC_01_Login" time="9.254"/>
  <testcase classname="com.Well.testcases.HealthSafety.TC_02_RegisterHealthSafetyTest" name="TC_02_RegisterPortfolio" time="37.906"/>
  <testcase classname="com.Well.testcases.HealthSafety.TC_03_HsrPaymentTest" name="TC_03_HsrPayment" time="24.188">
    <failure type="java.lang.Error" message="Index 1 out of bounds for length 1">
      <![CDATA[java.lang.Error: Index 1 out of bounds for length 1
at com.Well.ReusableMethods.ReusableMethodsHealthSafety.StoreIdHealthSafety(ReusableMethodsHealthSafety.java:66)
at com.Well.testcases.HealthSafety.TC_03_HsrPaymentTest.TC_03_HsrPayment(TC_03_HsrPaymentTest.java:21)
... Removed 25 stack frames]]>
    </failure>
  </testcase> <!-- TC_03_HsrPayment -->
  <testcase classname="com.Well.Engine.BaseClass" name="@BeforeSuite setup" time="0.0">
    <ignored/>
  </testcase> <!-- @BeforeSuite setup -->
  <testcase classname="com.Well.Engine.BaseClass" name="@BeforeSuite setup" time="0.0">
    <ignored/>
  </testcase> <!-- @BeforeSuite setup -->
  <testcase classname="com.Well.Engine.BaseClass" name="@AfterTest quit" time="0.0">
    <ignored/>
  </testcase> <!-- @AfterTest quit -->
  <testcase classname="com.Well.Engine.BaseClass" name="@AfterTest quit" time="0.0">
    <ignored/>
  </testcase> <!-- @AfterTest quit -->
  <testcase classname="com.Well.Engine.BaseClass" name="@AfterSuite end" time="0.0">
    <ignored/>
  </testcase> <!-- @AfterSuite end -->
  <testcase classname="com.Well.Engine.BaseClass" name="@AfterSuite end" time="0.0">
    <ignored/>
  </testcase> <!-- @AfterSuite end -->
</testsuite> <!-- WELL-Tests -->
