<?xml version="1.0" encoding="UTF-8"?>
<testng-results ignored="0" total="1" passed="1" failed="0" skipped="0">
  <reporter-output>
  </reporter-output>
  <suite started-at="2022-09-09T12:28:47Z" name="WELLAutomation" finished-at="2022-09-09T12:28:57Z" duration-ms="9549">
    <groups>
    </groups>
    <test started-at="2022-09-09T12:28:47Z" name="WELL-Tests" finished-at="2022-09-09T12:28:57Z" duration-ms="9549">
      <class name="com.Well.testcases.login.TC_01_LoginTest">
        <test-method is-config="true" signature="setup(java.lang.String, java.lang.String)[pri:0, instance:com.Well.testcases.login.TC_01_LoginTest@4c60d6e9]" started-at="2022-09-09T12:28:36Z" name="setup" finished-at="2022-09-09T12:28:47Z" duration-ms="11518" status="PASS">
          <params>
            <param index="0">
              <value>
                <![CDATA[chrome]]>
              </value>
            </param>
            <param index="1">
              <value>
                <![CDATA[Test]]>
              </value>
            </param>
          </params>
          <reporter-output>
          </reporter-output>
        </test-method> <!-- setup -->
        <test-method is-config="true" signature="ExtentReportConfig()[pri:0, instance:com.Well.testcases.login.TC_01_LoginTest@4c60d6e9]" started-at="2022-09-09T12:28:47Z" name="ExtentReportConfig" finished-at="2022-09-09T12:28:48Z" duration-ms="266" status="PASS">
          <reporter-output>
          </reporter-output>
        </test-method> <!-- ExtentReportConfig -->
        <test-method signature="TC_01_Login()[pri:0, instance:com.Well.testcases.login.TC_01_LoginTest@4c60d6e9]" started-at="2022-09-09T12:28:48Z" name="TC_01_Login" finished-at="2022-09-09T12:28:56Z" duration-ms="8913" status="PASS">
          <reporter-output>
          </reporter-output>
        </test-method> <!-- TC_01_Login -->
        <test-method is-config="true" signature="flushReport()[pri:0, instance:com.Well.testcases.login.TC_01_LoginTest@4c60d6e9]" started-at="2022-09-09T12:28:56Z" name="flushReport" finished-at="2022-09-09T12:28:57Z" duration-ms="354" status="PASS">
          <reporter-output>
          </reporter-output>
        </test-method> <!-- flushReport -->
        <test-method is-config="true" signature="getResult(org.testng.ITestResult)[pri:0, instance:com.Well.testcases.login.TC_01_LoginTest@4c60d6e9]" started-at="2022-09-09T12:28:56Z" name="getResult" finished-at="2022-09-09T12:28:56Z" duration-ms="0" status="PASS">
          <params>
            <param index="0">
              <value>
                <![CDATA[[TestResult name=TC_01_Login status=SUCCESS method=TC_01_LoginTest.TC_01_Login()[pri:0, instance:com.Well.testcases.login.TC_01_LoginTest@4c60d6e9] output={null}]]]>
              </value>
            </param>
          </params>
          <reporter-output>
          </reporter-output>
        </test-method> <!-- getResult -->
        <test-method is-config="true" signature="quit()[pri:0, instance:com.Well.testcases.login.TC_01_LoginTest@4c60d6e9]" started-at="2022-09-09T12:28:57Z" name="quit" finished-at="2022-09-09T12:28:57Z" duration-ms="0" status="PASS">
          <reporter-output>
          </reporter-output>
        </test-method> <!-- quit -->
        <test-method is-config="true" signature="end()[pri:0, instance:com.Well.testcases.login.TC_01_LoginTest@4c60d6e9]" started-at="2022-09-09T12:28:57Z" name="end" finished-at="2022-09-09T12:28:57Z" duration-ms="328" status="PASS">
          <reporter-output>
          </reporter-output>
        </test-method> <!-- end -->
      </class> <!-- com.Well.testcases.login.TC_01_LoginTest -->
    </test> <!-- WELL-Tests -->
  </suite> <!-- WELLAutomation -->
</testng-results>
