<?xml version="1.0" encoding="UTF-8"?>
<testng-results ignored="6" total="9" passed="2" failed="1" skipped="0">
  <reporter-output>
  </reporter-output>
  <suite started-at="2022-08-10T08:52:33Z" name="WELLAutomation" finished-at="2022-08-10T08:54:16Z" duration-ms="103381">
    <groups>
    </groups>
    <test started-at="2022-08-10T08:52:33Z" name="WELL-Tests" finished-at="2022-08-10T08:54:16Z" duration-ms="103381">
      <class name="com.Well.testcases.Portfolio.SearchPortfolioByNameTest">
        <test-method is-config="true" signature="ExtentReportConfig()[pri:0, instance:com.Well.testcases.Portfolio.SearchPortfolioByNameTest@2a265ea9]" started-at="2022-08-10T08:52:42Z" name="ExtentReportConfig" finished-at="2022-08-10T08:52:42Z" duration-ms="0" status="PASS">
          <reporter-output>
          </reporter-output>
        </test-method> <!-- ExtentReportConfig -->
        <test-method signature="SearchPortfolioByName(java.lang.String, int)[pri:0, instance:com.Well.testcases.Portfolio.SearchPortfolioByNameTest@2a265ea9]" started-at="2022-08-10T08:52:42Z" name="SearchPortfolioByName" finished-at="2022-08-10T08:52:52Z" duration-ms="9168" status="PASS">
          <params>
            <param index="0">
              <value>
                <![CDATA[Portfolio]]>
              </value>
            </param>
            <param index="1">
              <value>
                <![CDATA[2]]>
              </value>
            </param>
          </params>
          <reporter-output>
          </reporter-output>
        </test-method> <!-- SearchPortfolioByName -->
        <test-method is-config="true" signature="getResult(org.testng.ITestResult)[pri:0, instance:com.Well.testcases.Portfolio.SearchPortfolioByNameTest@2a265ea9]" started-at="2022-08-10T08:52:52Z" name="getResult" finished-at="2022-08-10T08:52:52Z" duration-ms="0" status="PASS">
          <params>
            <param index="0">
              <value>
                <![CDATA[[TestResult name=SearchPortfolioByName status=SUCCESS method=SearchPortfolioByNameTest.SearchPortfolioByName(java.lang.String, int)[pri:0, instance:com.Well.testcases.Portfolio.SearchPortfolioByNameTest@2a265ea9] output={null}]]]>
              </value>
            </param>
          </params>
          <reporter-output>
          </reporter-output>
        </test-method> <!-- getResult -->
        <test-method is-config="true" signature="flushReport()[pri:0, instance:com.Well.testcases.Portfolio.SearchPortfolioByNameTest@2a265ea9]" started-at="2022-08-10T08:52:52Z" name="flushReport" finished-at="2022-08-10T08:52:52Z" duration-ms="50" status="PASS">
          <reporter-output>
          </reporter-output>
        </test-method> <!-- flushReport -->
      </class> <!-- com.Well.testcases.Portfolio.SearchPortfolioByNameTest -->
      <class name="com.Well.testcases.login.LoginTest">
        <test-method is-config="true" signature="setup(java.lang.String, java.lang.String)[pri:0, instance:com.Well.testcases.login.LoginTest@6d4d66d2]" started-at="2022-08-10T08:52:13Z" name="setup" finished-at="2022-08-10T08:52:33Z" duration-ms="20064" status="PASS">
          <params>
            <param index="0">
              <value>
                <![CDATA[chrome]]>
              </value>
            </param>
            <param index="1">
              <value>
                <![CDATA[Test]]>
              </value>
            </param>
          </params>
          <reporter-output>
          </reporter-output>
        </test-method> <!-- setup -->
        <test-method is-config="true" signature="ExtentReportConfig()[pri:0, instance:com.Well.testcases.login.LoginTest@6d4d66d2]" started-at="2022-08-10T08:52:33Z" name="ExtentReportConfig" finished-at="2022-08-10T08:52:33Z" duration-ms="468" status="PASS">
          <reporter-output>
          </reporter-output>
        </test-method> <!-- ExtentReportConfig -->
        <test-method signature="Login()[pri:0, instance:com.Well.testcases.login.LoginTest@6d4d66d2]" started-at="2022-08-10T08:52:33Z" name="Login" finished-at="2022-08-10T08:52:42Z" duration-ms="8377" status="PASS">
          <reporter-output>
          </reporter-output>
        </test-method> <!-- Login -->
        <test-method is-config="true" signature="getResult(org.testng.ITestResult)[pri:0, instance:com.Well.testcases.login.LoginTest@6d4d66d2]" started-at="2022-08-10T08:52:42Z" name="getResult" finished-at="2022-08-10T08:52:42Z" duration-ms="1" status="PASS">
          <params>
            <param index="0">
              <value>
                <![CDATA[[TestResult name=Login status=SUCCESS method=LoginTest.Login()[pri:0, instance:com.Well.testcases.login.LoginTest@6d4d66d2] output={null}]]]>
              </value>
            </param>
          </params>
          <reporter-output>
          </reporter-output>
        </test-method> <!-- getResult -->
        <test-method is-config="true" signature="flushReport()[pri:0, instance:com.Well.testcases.login.LoginTest@6d4d66d2]" started-at="2022-08-10T08:52:42Z" name="flushReport" finished-at="2022-08-10T08:52:42Z" duration-ms="667" status="PASS">
          <reporter-output>
          </reporter-output>
        </test-method> <!-- flushReport -->
        <test-method is-config="true" signature="quit()[pri:0, instance:com.Well.testcases.login.LoginTest@6d4d66d2]" started-at="2022-08-10T08:54:16Z" name="quit" finished-at="2022-08-10T08:54:16Z" duration-ms="0" status="PASS">
          <reporter-output>
          </reporter-output>
        </test-method> <!-- quit -->
        <test-method is-config="true" signature="end()[pri:0, instance:com.Well.testcases.login.LoginTest@6d4d66d2]" started-at="2022-08-10T08:54:16Z" name="end" finished-at="2022-08-10T08:54:18Z" duration-ms="1196" status="PASS">
          <reporter-output>
          </reporter-output>
        </test-method> <!-- end -->
      </class> <!-- com.Well.testcases.login.LoginTest -->
      <class name="com.Well.testcases.Scorecard.UploadFileInFeatureTest">
        <test-method is-config="true" signature="ExtentReportConfig()[pri:0, instance:com.Well.testcases.Scorecard.UploadFileInFeatureTest@11392934]" started-at="2022-08-10T08:52:52Z" name="ExtentReportConfig" finished-at="2022-08-10T08:52:52Z" duration-ms="0" status="PASS">
          <reporter-output>
          </reporter-output>
        </test-method> <!-- ExtentReportConfig -->
        <test-method signature="UploadFileInFeature()[pri:0, instance:com.Well.testcases.Scorecard.UploadFileInFeatureTest@11392934]" started-at="2022-08-10T08:52:52Z" name="UploadFileInFeature" finished-at="2022-08-10T08:54:15Z" duration-ms="83505" status="FAIL">
          <exception class="java.lang.Error">
            <message>
              <![CDATA[no such element: Unable to locate element: {"method":"xpath","selector":"//input[@type="file"]"}
  (Session info: chrome=104.0.5112.80)
For documentation on this error, please visit: https://selenium.dev/exceptions/#no_such_element
Build info: version: '4.3.0', revision: 'a4995e2c09*'
System info: host: 'ABHISHEKGUPTA', ip: '192.168.1.4', os.name: 'Windows 11', os.arch: 'amd64', os.version: '10.0', java.version: '17.0.3'
Driver info: org.openqa.selenium.chrome.ChromeDriver
Command: [9a194366b7a45be2ac572bb5cda9ddd1, findElement {using=xpath, value=//input[@type="file"]}]
Capabilities {acceptInsecureCerts: false, browserName: chrome, browserVersion: 104.0.5112.80, chrome: {chromedriverVersion: 104.0.5112.79 (3cf3e8c8a07d..., userDataDir: C:\Users\abhis\AppData\Loca...}, goog:chromeOptions: {debuggerAddress: localhost:60198}, networkConnectionEnabled: false, pageLoadStrategy: normal, platformName: WINDOWS, proxy: Proxy(), se:cdp: ws://localhost:60198/devtoo..., se:cdpVersion: 104.0.5112.80, setWindowRect: true, strictFileInteractability: false, timeouts: {implicit: 0, pageLoad: 300000, script: 30000}, unhandledPromptBehavior: dismiss and notify, webauthn:extension:credBlob: true, webauthn:extension:largeBlob: true, webauthn:virtualAuthenticators: true}
Session ID: 9a194366b7a45be2ac572bb5cda9ddd1]]>
            </message>
            <full-stacktrace>
              <![CDATA[java.lang.Error: no such element: Unable to locate element: {"method":"xpath","selector":"//input[@type="file"]"}
  (Session info: chrome=104.0.5112.80)
For documentation on this error, please visit: https://selenium.dev/exceptions/#no_such_element
Build info: version: '4.3.0', revision: 'a4995e2c09*'
System info: host: 'ABHISHEKGUPTA', ip: '192.168.1.4', os.name: 'Windows 11', os.arch: 'amd64', os.version: '10.0', java.version: '17.0.3'
Driver info: org.openqa.selenium.chrome.ChromeDriver
Command: [9a194366b7a45be2ac572bb5cda9ddd1, findElement {using=xpath, value=//input[@type="file"]}]
Capabilities {acceptInsecureCerts: false, browserName: chrome, browserVersion: 104.0.5112.80, chrome: {chromedriverVersion: 104.0.5112.79 (3cf3e8c8a07d..., userDataDir: C:\Users\abhis\AppData\Loca...}, goog:chromeOptions: {debuggerAddress: localhost:60198}, networkConnectionEnabled: false, pageLoadStrategy: normal, platformName: WINDOWS, proxy: Proxy(), se:cdp: ws://localhost:60198/devtoo..., se:cdpVersion: 104.0.5112.80, setWindowRect: true, strictFileInteractability: false, timeouts: {implicit: 0, pageLoad: 300000, script: 30000}, unhandledPromptBehavior: dismiss and notify, webauthn:extension:credBlob: true, webauthn:extension:largeBlob: true, webauthn:virtualAuthenticators: true}
Session ID: 9a194366b7a45be2ac572bb5cda9ddd1
at java.base/jdk.internal.reflect.NativeConstructorAccessorImpl.newInstance0(Native Method)
at java.base/jdk.internal.reflect.NativeConstructorAccessorImpl.newInstance(NativeConstructorAccessorImpl.java:77)
at java.base/jdk.internal.reflect.DelegatingConstructorAccessorImpl.newInstance(DelegatingConstructorAccessorImpl.java:45)
at java.base/java.lang.reflect.Constructor.newInstanceWithCaller(Constructor.java:499)
at java.base/java.lang.reflect.Constructor.newInstance(Constructor.java:480)
at org.openqa.selenium.remote.codec.w3c.W3CHttpResponseCodec.createException(W3CHttpResponseCodec.java:200)
at org.openqa.selenium.remote.codec.w3c.W3CHttpResponseCodec.decode(W3CHttpResponseCodec.java:133)
at org.openqa.selenium.remote.codec.w3c.W3CHttpResponseCodec.decode(W3CHttpResponseCodec.java:53)
at org.openqa.selenium.remote.HttpCommandExecutor.execute(HttpCommandExecutor.java:184)
at org.openqa.selenium.remote.service.DriverCommandExecutor.invokeExecute(DriverCommandExecutor.java:167)
at org.openqa.selenium.remote.service.DriverCommandExecutor.execute(DriverCommandExecutor.java:142)
at org.openqa.selenium.remote.RemoteWebDriver.execute(RemoteWebDriver.java:569)
at org.openqa.selenium.remote.ElementLocation$ElementFinder$2.findElement(ElementLocation.java:162)
at org.openqa.selenium.remote.ElementLocation.findElement(ElementLocation.java:60)
at org.openqa.selenium.remote.RemoteWebDriver.findElement(RemoteWebDriver.java:387)
at org.openqa.selenium.remote.RemoteWebDriver.findElement(RemoteWebDriver.java:379)
at com.Well.Engine.CommonMethod.findElement(CommonMethod.java:200)
at com.Well.Engine.CommonMethod.uploadFile(CommonMethod.java:411)
at com.Well.ReusableMethods.ReusableMethodsScorecard.UploadFileinFeature(ReusableMethodsScorecard.java:67)
at com.Well.testcases.Scorecard.UploadFileInFeatureTest.UploadFileInFeature(UploadFileInFeatureTest.java:22)
at java.base/jdk.internal.reflect.NativeMethodAccessorImpl.invoke0(Native Method)
at java.base/jdk.internal.reflect.NativeMethodAccessorImpl.invoke(NativeMethodAccessorImpl.java:77)
at java.base/jdk.internal.reflect.DelegatingMethodAccessorImpl.invoke(DelegatingMethodAccessorImpl.java:43)
at java.base/java.lang.reflect.Method.invoke(Method.java:568)
at org.testng.internal.MethodInvocationHelper.invokeMethod(MethodInvocationHelper.java:124)
at org.testng.internal.Invoker.invokeMethod(Invoker.java:583)
at org.testng.internal.Invoker.invokeTestMethod(Invoker.java:719)
at org.testng.internal.Invoker.invokeTestMethods(Invoker.java:989)
at org.testng.internal.TestMethodWorker.invokeTestMethods(TestMethodWorker.java:125)
at org.testng.internal.TestMethodWorker.run(TestMethodWorker.java:109)
at org.testng.TestRunner.privateRun(TestRunner.java:648)
at org.testng.TestRunner.run(TestRunner.java:505)
at org.testng.SuiteRunner.runTest(SuiteRunner.java:455)
at org.testng.SuiteRunner.runSequentially(SuiteRunner.java:450)
at org.testng.SuiteRunner.privateRun(SuiteRunner.java:415)
at org.testng.SuiteRunner.run(SuiteRunner.java:364)
at org.testng.SuiteRunnerWorker.runSuite(SuiteRunnerWorker.java:52)
at org.testng.SuiteRunnerWorker.run(SuiteRunnerWorker.java:84)
at org.testng.TestNG.runSuitesSequentially(TestNG.java:1208)
at org.testng.TestNG.runSuitesLocally(TestNG.java:1137)
at org.testng.TestNG.runSuites(TestNG.java:1049)
at org.testng.TestNG.run(TestNG.java:1017)
at org.testng.remote.AbstractRemoteTestNG.run(AbstractRemoteTestNG.java:115)
at org.testng.remote.RemoteTestNG.initAndRun(RemoteTestNG.java:251)
at org.testng.remote.RemoteTestNG.main(RemoteTestNG.java:77)
]]>
            </full-stacktrace>
          </exception> <!-- java.lang.Error -->
          <reporter-output>
          </reporter-output>
        </test-method> <!-- UploadFileInFeature -->
        <test-method is-config="true" signature="getResult(org.testng.ITestResult)[pri:0, instance:com.Well.testcases.Scorecard.UploadFileInFeatureTest@11392934]" started-at="2022-08-10T08:54:15Z" name="getResult" finished-at="2022-08-10T08:54:16Z" duration-ms="1038" status="PASS">
          <params>
            <param index="0">
              <value>
                <![CDATA[[TestResult name=UploadFileInFeature status=FAILURE method=UploadFileInFeatureTest.UploadFileInFeature()[pri:0, instance:com.Well.testcases.Scorecard.UploadFileInFeatureTest@11392934] output={null}]]]>
              </value>
            </param>
          </params>
          <reporter-output>
          </reporter-output>
        </test-method> <!-- getResult -->
        <test-method is-config="true" signature="flushReport()[pri:0, instance:com.Well.testcases.Scorecard.UploadFileInFeatureTest@11392934]" started-at="2022-08-10T08:54:16Z" name="flushReport" finished-at="2022-08-10T08:54:16Z" duration-ms="61" status="PASS">
          <reporter-output>
          </reporter-output>
        </test-method> <!-- flushReport -->
      </class> <!-- com.Well.testcases.Scorecard.UploadFileInFeatureTest -->
    </test> <!-- WELL-Tests -->
  </suite> <!-- WELLAutomation -->
</testng-results>
